<?xml version="1.0" encoding="UTF-8"?>
<testsuite xmlns:xsi="http://www.w3.org/2001/XMLSchema-instance" xsi:noNamespaceSchemaLocation="https://maven.apache.org/surefire/maven-surefire-plugin/xsd/surefire-test-report-3.0.xsd" version="3.0" name="com.example.demo.DemoApplicationTests" time="2.426" tests="1" errors="0" skipped="0" failures="0">
  <properties>
    <property name="java.specification.version" value="17"/>
    <property name="sun.jnu.encoding" value="UTF-8"/>
    <property name="java.class.path" value="/root/demo/target/test-classes:/root/demo/target/classes:/workspace/.m2/org/springframework/boot/spring-boot-starter-web/3.3.0/spring-boot-starter-web-3.3.0.jar:/workspace/.m2/org/springframework/boot/spring-boot-starter/3.3.0/spring-boot-starter-3.3.0.jar:/workspace/.m2/org/springframework/boot/spring-boot/3.3.0/spring-boot-3.3.0.jar:/workspace/.m2/org/springframework/boot/spring-boot-autoconfigure/3.3.0/spring-boot-autoconfigure-3.3.0.jar:/workspace/.m2/org/springframework/boot/spring-boot-starter-logging/3.3.0/spring-boot-starter-logging-3.3.0.jar:/workspace/.m2/ch/qos/logback/logback-classic/1.5.6/logback-classic-1.5.6.jar:/workspace/.m2/ch/qos/logback/logback-core/1.5.6/logback-core-1.5.6.jar:/workspace/.m2/org/apache/logging/log4j/log4j-to-slf4j/2.23.1/log4j-to-slf4j-2.23.1.jar:/workspace/.m2/org/apache/logging/log4j/log4j-api/2.23.1/log4j-api-2.23.1.jar:/workspace/.m2/org/slf4j/jul-to-slf4j/2.0.13/jul-to-slf4j-2.0.13.jar:/workspace/.m2/jakarta/annotation/jakarta.annotation-api/2.1.1/jakarta.annotation-api-2.1.1.jar:/workspace/.m2/org/yaml/snakeyaml/2.2/snakeyaml-2.2.jar:/workspace/.m2/org/springframework/boot/spring-boot-starter-json/3.3.0/spring-boot-starter-json-3.3.0.jar:/workspace/.m2/com/fasterxml/jackson/core/jackson-databind/2.17.1/jackson-databind-2.17.1.jar:/workspace/.m2/com/fasterxml/jackson/core/jackson-annotations/2.17.1/jackson-annotations-2.17.1.jar:/workspace/.m2/com/fasterxml/jackson/core/jackson-core/2.17.1/jackson-core-2.17.1.jar:/workspace/.m2/com/fasterxml/jackson/datatype/jackson-datatype-jdk8/2.17.1/jackson-datatype-jdk8-2.17.1.jar:/workspace/.m2/com/fasterxml/jackson/datatype/jackson-datatype-jsr310/2.17.1/jackson-datatype-jsr310-2.17.1.jar:/workspace/.m2/com/fasterxml/jackson/module/jackson-module-parameter-names/2.17.1/jackson-module-parameter-names-2.17.1.jar:/workspace/.m2/org/springframework/boot/spring-boot-starter-tomcat/3.3.0/spring-boot-starter-tomcat-3.3.0.jar:/workspace/.m2/org/apache/tomcat/embed/tomcat-embed-core/10.1.24/tomcat-embed-core-10.1.24.jar:/workspace/.m2/org/apache/tomcat/embed/tomcat-embed-el/10.1.24/tomcat-embed-el-10.1.24.jar:/workspace/.m2/org/apache/tomcat/embed/tomcat-embed-websocket/10.1.24/tomcat-embed-websocket-10.1.24.jar:/workspace/.m2/org/springframework/spring-web/6.1.8/spring-web-6.1.8.jar:/workspace/.m2/org/springframework/spring-beans/6.1.8/spring-beans-6.1.8.jar:/workspace/.m2/io/micrometer/micrometer-observation/1.13.0/micrometer-observation-1.13.0.jar:/workspace/.m2/io/micrometer/micrometer-commons/1.13.0/micrometer-commons-1.13.0.jar:/workspace/.m2/org/springframework/spring-webmvc/6.1.8/spring-webmvc-6.1.8.jar:/workspace/.m2/org/springframework/spring-aop/6.1.8/spring-aop-6.1.8.jar:/workspace/.m2/org/springframework/spring-context/6.1.8/spring-context-6.1.8.jar:/workspace/.m2/org/springframework/spring-expression/6.1.8/spring-expression-6.1.8.jar:/workspace/.m2/org/springframework/boot/spring-boot-starter-test/3.3.0/spring-boot-starter-test-3.3.0.jar:/workspace/.m2/org/springframework/boot/spring-boot-test/3.3.0/spring-boot-test-3.3.0.jar:/workspace/.m2/org/springframework/boot/spring-boot-test-autoconfigure/3.3.0/spring-boot-test-autoconfigure-3.3.0.jar:/workspace/.m2/com/jayway/jsonpath/json-path/2.9.0/json-path-2.9.0.jar:/workspace/.m2/org/slf4j/slf4j-api/2.0.13/slf4j-api-2.0.13.jar:/workspace/.m2/jakarta/xml/bind/jakarta.xml.bind-api/4.0.2/jakarta.xml.bind-api-4.0.2.jar:/workspace/.m2/jakarta/activation/jakarta.activation-api/2.1.3/jakarta.activation-api-2.1.3.jar:/workspace/.m2/net/minidev/json-smart/2.5.1/json-smart-2.5.1.jar:/workspace/.m2/net/minidev/accessors-smart/2.5.1/accessors-smart-2.5.1.jar:/workspace/.m2/org/ow2/asm/asm/9.6/asm-9.6.jar:/workspace/.m2/org/assertj/assertj-core/3.25.3/assertj-core-3.25.3.jar:/workspace/.m2/net/bytebuddy/byte-buddy/1.14.16/byte-buddy-1.14.16.jar:/workspace/.m2/org/awaitility/awaitility/4.2.1/awaitility-4.2.1.jar:/workspace/.m2/org/hamcrest/hamcrest/2.2/hamcrest-2.2.jar:/workspace/.m2/org/junit/jupiter/junit-jupiter/5.10.2/junit-jupiter-5.10.2.jar:/workspace/.m2/org/junit/jupiter/junit-jupiter-api/5.10.2/junit-jupiter-api-5.10.2.jar:/workspace/.m2/org/opentest4j/opentest4j/1.3.0/opentest4j-1.3.0.jar:/workspace/.m2/org/junit/platform/junit-platform-commons/1.10.2/junit-platform-commons-1.10.2.jar:/workspace/.m2/org/apiguardian/apiguardian-api/1.1.2/apiguardian-api-1.1.2.jar:/workspace/.m2/org/junit/jupiter/junit-jupiter-params/5.10.2/junit-jupiter-params-5.10.2.jar:/workspace/.m2/org/junit/jupiter/junit-jupiter-engine/5.10.2/junit-jupiter-engine-5.10.2.jar:/workspace/.m2/org/junit/platform/junit-platform-engine/1.10.2/junit-platform-engine-1.10.2.jar:/workspace/.m2/org/mockito/mockito-core/5.11.0/mockito-core-5.11.0.jar:/workspace/.m2/net/bytebuddy/byte-buddy-agent/1.14.16/byte-buddy-agent-1.14.16.jar:/workspace/.m2/org/objenesis/objenesis/3.3/objenesis-3.3.jar:/workspace/.m2/org/mockito/mockito-junit-jupiter/5.11.0/mockito-junit-jupiter-5.11.0.jar:/workspace/.m2/org/skyscreamer/jsonassert/1.5.1/jsonassert-1.5.1.jar:/workspace/.m2/com/vaadin/external/google/android-json/0.0.20131108.vaadin1/android-json-0.0.20131108.vaadin1.jar:/workspace/.m2/org/springframework/spring-core/6.1.8/spring-core-6.1.8.jar:/workspace/.m2/org/springframework/spring-jcl/6.1.8/spring-jcl-6.1.8.jar:/workspace/.m2/org/springframework/spring-test/6.1.8/spring-test-6.1.8.jar:/workspace/.m2/org/xmlunit/xmlunit-core/2.9.1/xmlunit-core-2.9.1.jar:"/>
    <property name="java.vm.vendor" value="Oracle Corporation"/>
    <property name="sun.arch.data.model" value="64"/>
    <property name="java.vendor.url" value="https://java.oracle.com/"/>
    <property name="user.timezone" value="Asia/Shanghai"/>
    <property name="os.name" value="Linux"/>
    <property name="java.vm.specification.version" value="17"/>
    <property name="sun.java.launcher" value="SUN_STANDARD"/>
    <property name="user.country" value="US"/>
    <property name="sun.boot.library.path" value="/opt/jdk17/lib"/>
    <property name="sun.java.command" value="/root/demo/target/surefire/surefirebooter-20240527181205876_3.jar /root/demo/target/surefire 2024-05-27T18-12-05_793-jvmRun1 surefire-20240527181205876_1tmp surefire_0-20240527181205876_2tmp"/>
    <property name="jdk.debug" value="release"/>
    <property name="surefire.test.class.path" value="/root/demo/target/test-classes:/root/demo/target/classes:/workspace/.m2/org/springframework/boot/spring-boot-starter-web/3.3.0/spring-boot-starter-web-3.3.0.jar:/workspace/.m2/org/springframework/boot/spring-boot-starter/3.3.0/spring-boot-starter-3.3.0.jar:/workspace/.m2/org/springframework/boot/spring-boot/3.3.0/spring-boot-3.3.0.jar:/workspace/.m2/org/springframework/boot/spring-boot-autoconfigure/3.3.0/spring-boot-autoconfigure-3.3.0.jar:/workspace/.m2/org/springframework/boot/spring-boot-starter-logging/3.3.0/spring-boot-starter-logging-3.3.0.jar:/workspace/.m2/ch/qos/logback/logback-classic/1.5.6/logback-classic-1.5.6.jar:/workspace/.m2/ch/qos/logback/logback-core/1.5.6/logback-core-1.5.6.jar:/workspace/.m2/org/apache/logging/log4j/log4j-to-slf4j/2.23.1/log4j-to-slf4j-2.23.1.jar:/workspace/.m2/org/apache/logging/log4j/log4j-api/2.23.1/log4j-api-2.23.1.jar:/workspace/.m2/org/slf4j/jul-to-slf4j/2.0.13/jul-to-slf4j-2.0.13.jar:/workspace/.m2/jakarta/annotation/jakarta.annotation-api/2.1.1/jakarta.annotation-api-2.1.1.jar:/workspace/.m2/org/yaml/snakeyaml/2.2/snakeyaml-2.2.jar:/workspace/.m2/org/springframework/boot/spring-boot-starter-json/3.3.0/spring-boot-starter-json-3.3.0.jar:/workspace/.m2/com/fasterxml/jackson/core/jackson-databind/2.17.1/jackson-databind-2.17.1.jar:/workspace/.m2/com/fasterxml/jackson/core/jackson-annotations/2.17.1/jackson-annotations-2.17.1.jar:/workspace/.m2/com/fasterxml/jackson/core/jackson-core/2.17.1/jackson-core-2.17.1.jar:/workspace/.m2/com/fasterxml/jackson/datatype/jackson-datatype-jdk8/2.17.1/jackson-datatype-jdk8-2.17.1.jar:/workspace/.m2/com/fasterxml/jackson/datatype/jackson-datatype-jsr310/2.17.1/jackson-datatype-jsr310-2.17.1.jar:/workspace/.m2/com/fasterxml/jackson/module/jackson-module-parameter-names/2.17.1/jackson-module-parameter-names-2.17.1.jar:/workspace/.m2/org/springframework/boot/spring-boot-starter-tomcat/3.3.0/spring-boot-starter-tomcat-3.3.0.jar:/workspace/.m2/org/apache/tomcat/embed/tomcat-embed-core/10.1.24/tomcat-embed-core-10.1.24.jar:/workspace/.m2/org/apache/tomcat/embed/tomcat-embed-el/10.1.24/tomcat-embed-el-10.1.24.jar:/workspace/.m2/org/apache/tomcat/embed/tomcat-embed-websocket/10.1.24/tomcat-embed-websocket-10.1.24.jar:/workspace/.m2/org/springframework/spring-web/6.1.8/spring-web-6.1.8.jar:/workspace/.m2/org/springframework/spring-beans/6.1.8/spring-beans-6.1.8.jar:/workspace/.m2/io/micrometer/micrometer-observation/1.13.0/micrometer-observation-1.13.0.jar:/workspace/.m2/io/micrometer/micrometer-commons/1.13.0/micrometer-commons-1.13.0.jar:/workspace/.m2/org/springframework/spring-webmvc/6.1.8/spring-webmvc-6.1.8.jar:/workspace/.m2/org/springframework/spring-aop/6.1.8/spring-aop-6.1.8.jar:/workspace/.m2/org/springframework/spring-context/6.1.8/spring-context-6.1.8.jar:/workspace/.m2/org/springframework/spring-expression/6.1.8/spring-expression-6.1.8.jar:/workspace/.m2/org/springframework/boot/spring-boot-starter-test/3.3.0/spring-boot-starter-test-3.3.0.jar:/workspace/.m2/org/springframework/boot/spring-boot-test/3.3.0/spring-boot-test-3.3.0.jar:/workspace/.m2/org/springframework/boot/spring-boot-test-autoconfigure/3.3.0/spring-boot-test-autoconfigure-3.3.0.jar:/workspace/.m2/com/jayway/jsonpath/json-path/2.9.0/json-path-2.9.0.jar:/workspace/.m2/org/slf4j/slf4j-api/2.0.13/slf4j-api-2.0.13.jar:/workspace/.m2/jakarta/xml/bind/jakarta.xml.bind-api/4.0.2/jakarta.xml.bind-api-4.0.2.jar:/workspace/.m2/jakarta/activation/jakarta.activation-api/2.1.3/jakarta.activation-api-2.1.3.jar:/workspace/.m2/net/minidev/json-smart/2.5.1/json-smart-2.5.1.jar:/workspace/.m2/net/minidev/accessors-smart/2.5.1/accessors-smart-2.5.1.jar:/workspace/.m2/org/ow2/asm/asm/9.6/asm-9.6.jar:/workspace/.m2/org/assertj/assertj-core/3.25.3/assertj-core-3.25.3.jar:/workspace/.m2/net/bytebuddy/byte-buddy/1.14.16/byte-buddy-1.14.16.jar:/workspace/.m2/org/awaitility/awaitility/4.2.1/awaitility-4.2.1.jar:/workspace/.m2/org/hamcrest/hamcrest/2.2/hamcrest-2.2.jar:/workspace/.m2/org/junit/jupiter/junit-jupiter/5.10.2/junit-jupiter-5.10.2.jar:/workspace/.m2/org/junit/jupiter/junit-jupiter-api/5.10.2/junit-jupiter-api-5.10.2.jar:/workspace/.m2/org/opentest4j/opentest4j/1.3.0/opentest4j-1.3.0.jar:/workspace/.m2/org/junit/platform/junit-platform-commons/1.10.2/junit-platform-commons-1.10.2.jar:/workspace/.m2/org/apiguardian/apiguardian-api/1.1.2/apiguardian-api-1.1.2.jar:/workspace/.m2/org/junit/jupiter/junit-jupiter-params/5.10.2/junit-jupiter-params-5.10.2.jar:/workspace/.m2/org/junit/jupiter/junit-jupiter-engine/5.10.2/junit-jupiter-engine-5.10.2.jar:/workspace/.m2/org/junit/platform/junit-platform-engine/1.10.2/junit-platform-engine-1.10.2.jar:/workspace/.m2/org/mockito/mockito-core/5.11.0/mockito-core-5.11.0.jar:/workspace/.m2/net/bytebuddy/byte-buddy-agent/1.14.16/byte-buddy-agent-1.14.16.jar:/workspace/.m2/org/objenesis/objenesis/3.3/objenesis-3.3.jar:/workspace/.m2/org/mockito/mockito-junit-jupiter/5.11.0/mockito-junit-jupiter-5.11.0.jar:/workspace/.m2/org/skyscreamer/jsonassert/1.5.1/jsonassert-1.5.1.jar:/workspace/.m2/com/vaadin/external/google/android-json/0.0.20131108.vaadin1/android-json-0.0.20131108.vaadin1.jar:/workspace/.m2/org/springframework/spring-core/6.1.8/spring-core-6.1.8.jar:/workspace/.m2/org/springframework/spring-jcl/6.1.8/spring-jcl-6.1.8.jar:/workspace/.m2/org/springframework/spring-test/6.1.8/spring-test-6.1.8.jar:/workspace/.m2/org/xmlunit/xmlunit-core/2.9.1/xmlunit-core-2.9.1.jar:"/>
    <property name="sun.cpu.endian" value="little"/>
    <property name="user.home" value="/root"/>
    <property name="user.language" value="en"/>
    <property name="java.specification.vendor" value="Oracle Corporation"/>
    <property name="java.version.date" value="2024-01-16"/>
    <property name="java.home" value="/opt/jdk17"/>
    <property name="file.separator" value="/"/>
    <property name="basedir" value="/root/demo"/>
    <property name="java.vm.compressedOopsMode" value="32-bit"/>
    <property name="line.separator" value="&#10;"/>
    <property name="java.specification.name" value="Java Platform API Specification"/>
    <property name="java.vm.specification.vendor" value="Oracle Corporation"/>
    <property name="FILE_LOG_CHARSET" value="UTF-8"/>
    <property name="java.awt.headless" value="true"/>
    <property name="surefire.real.class.path" value="/root/demo/target/surefire/surefirebooter-20240527181205876_3.jar"/>
    <property name="sun.management.compiler" value="HotSpot 64-Bit Tiered Compilers"/>
    <property name="java.runtime.version" value="17.0.10+11-LTS-240"/>
    <property name="user.name" value="root"/>
    <property name="path.separator" value=":"/>
    <property name="os.version" value="5.15.0-101.103.2.1.el8uek.x86_64"/>
    <property name="java.runtime.name" value="Java(TM) SE Runtime Environment"/>
    <property name="file.encoding" value="UTF-8"/>
    <property name="java.vm.name" value="Java HotSpot(TM) 64-Bit Server VM"/>
    <property name="localRepository" value="/workspace/.m2"/>
    <property name="java.vendor.url.bug" value="https://bugreport.java.com/bugreport/"/>
    <property name="java.io.tmpdir" value="/tmp"/>
    <property name="java.version" value="17.0.10"/>
    <property name="user.dir" value="/root/demo"/>
    <property name="os.arch" value="amd64"/>
    <property name="java.vm.specification.name" value="Java Virtual Machine Specification"/>
    <property name="PID" value="3179511"/>
    <property name="CONSOLE_LOG_CHARSET" value="UTF-8"/>
    <property name="native.encoding" value="UTF-8"/>
    <property name="java.library.path" value="/usr/java/packages/lib:/usr/lib64:/lib64:/lib:/usr/lib"/>
    <property name="java.vm.info" value="mixed mode, sharing"/>
    <property name="java.vendor" value="Oracle Corporation"/>
    <property name="java.vm.version" value="17.0.10+11-LTS-240"/>
    <property name="sun.io.unicode.encoding" value="UnicodeLittle"/>
    <property name="java.class.version" value="61.0"/>
    <property name="LOGGED_APPLICATION_NAME" value="[demo] "/>
  </properties>
  <testcase name="contextLoads" classname="com.example.demo.DemoApplicationTests" time="0.741">
    <system-out><![CDATA[18:12:06.624 [main] INFO org.springframework.test.context.support.AnnotationConfigContextLoaderUtils -- Could not detect default configuration classes for test class [com.example.demo.DemoApplicationTests]: DemoApplicationTests does not declare any static, non-private, non-final, nested classes annotated with @Configuration.
18:12:06.728 [main] INFO org.springframework.boot.test.context.SpringBootTestContextBootstrapper -- Found @SpringBootConfiguration com.example.demo.DemoApplication for test class com.example.demo.DemoApplicationTests
  .   ____          _            __ _ _
 /\\ / ___'_ __ _ _(_)_ __  __ _ \ \ \ \
( ( )\___ | '_ | '_| | '_ \/ _` | \ \ \ \
 \\/  ___)| |_)| | | | | || (_| |  ) ) ) )
  '  |____| .__|_| |_|_| |_\__, | / / / /
 =========|_|==============|___/=/_/_/_/

 :: Spring Boot ::                (v3.3.0)

2024-05-27T18:12:07.072+08:00  INFO 3179511 --- [demo] [           main] com.example.demo.DemoApplicationTests    : Starting DemoApplicationTests using Java 17.0.10 with PID 3179511 (started by root in /root/demo)
2024-05-27T18:12:07.074+08:00  INFO 3179511 --- [demo] [           main] com.example.demo.DemoApplicationTests    : No active profile set, falling back to 1 default profile: "default"
2024-05-27T18:12:08.127+08:00  INFO 3179511 --- [demo] [           main] com.example.demo.DemoApplicationTests    : Started DemoApplicationTests in 1.271 seconds (process running for 2.192)
]]></system-out>
  </testcase>
</testsuite>